2022-07-14 18:24:38,799 - instabot version: 0.117.0 (bot) - INFO - Instabot version: 0.117.0 Started
2022-07-14 18:24:38,800 - instabot version: 0.117.0 (bot) - DEBUG - Bot imported from /Users/loubna/IG_Bot/venv/lib/python3.7/site-packages/instabot/bot/bot.py
2022-07-14 18:24:38,800 - instabot version: 0.117.0 (api_login) - INFO - Not yet logged in starting: PRE-LOGIN FLOW!
2022-07-14 18:24:39,325 - instabot version: 0.117.0 (api) - DEBUG - POST to endpoint: accounts/get_prefill_candidates/ returned response: <Response [200]>
2022-07-14 18:24:39,985 - instabot version: 0.117.0 (api) - DEBUG - POST to endpoint: qe/sync/ returned response: <Response [200]>
2022-07-14 18:24:40,322 - instabot version: 0.117.0 (api) - DEBUG - POST to endpoint: launcher/sync/ returned response: <Response [200]>
2022-07-14 18:24:40,733 - instabot version: 0.117.0 (api) - DEBUG - POST to endpoint: accounts/contact_point_prefill/ returned response: <Response [200]>
2022-07-14 18:24:43,671 - instabot version: 0.117.0 (api) - DEBUG - POST to endpoint: accounts/login/ returned response: <Response [200]>
2022-07-14 18:24:43,671 - instabot version: 0.117.0 (api) - INFO - Logged-in successfully as 'talha_loubna_'!
2022-07-14 18:24:43,671 - instabot version: 0.117.0 (api_login) - INFO - LOGIN FLOW! Just logged-in: True
2022-07-14 18:24:44,147 - instabot version: 0.117.0 (api) - DEBUG - POST to endpoint: qe/sync/ returned response: <Response [200]>
2022-07-14 18:24:44,463 - instabot version: 0.117.0 (api) - DEBUG - POST to endpoint: launcher/sync/ returned response: <Response [200]>
2022-07-14 18:24:44,872 - instabot version: 0.117.0 (api) - DEBUG - GET to endpoint: zr/token/result/?device_id=android-6621e5b5bf66bb61&token_hash=&custom_device_id=android-6621e5b5bf66bb61&fetch_reason=token_expired returned response: <Response [200]>
2022-07-14 18:24:45,217 - instabot version: 0.117.0 (api) - DEBUG - GET to endpoint: multiple_accounts/get_account_family/ returned response: <Response [200]>
2022-07-14 18:24:45,703 - instabot version: 0.117.0 (api) - DEBUG - POST to endpoint: qe/sync/ returned response: <Response [200]>
2022-07-14 18:24:46,742 - instabot version: 0.117.0 (api) - DEBUG - GET to endpoint: igtv/browse_feed/?prefetch=1 returned response: <Response [200]>
2022-07-14 18:24:48,154 - instabot version: 0.117.0 (api) - DEBUG - POST to endpoint: creatives/ar_class/ returned response: <Response [200]>
2022-07-14 18:24:49,147 - instabot version: 0.117.0 (api) - DEBUG - POST to endpoint: feed/reels_tray/ returned response: <Response [200]>
2022-07-14 18:24:51,702 - instabot version: 0.117.0 (api) - DEBUG - POST to endpoint: feed/timeline/ returned response: <Response [200]>
2022-07-14 18:24:52,476 - instabot version: 0.117.0 (api) - DEBUG - GET to endpoint: media/blocked/ returned response: <Response [200]>
2022-07-14 18:24:54,053 - instabot version: 0.117.0 (api) - DEBUG - GET to endpoint: news/inbox/ returned response: <Response [200]>
2022-07-14 18:24:54,489 - instabot version: 0.117.0 (api) - DEBUG - GET to endpoint: loom/fetch_config/ returned response: <Response [200]>
2022-07-14 18:24:55,838 - instabot version: 0.117.0 (api) - DEBUG - GET to endpoint: scores/bootstrap/users/?surfaces=["autocomplete_user_list","coefficient_besties_list_ranking","coefficient_rank_recipient_user_suggestion","coefficient_ios_section_test_bootstrap_ranking","coefficient_direct_recipients_ranking_variant_2"] returned response: <Response [200]>
2022-07-14 18:24:56,310 - instabot version: 0.117.0 (api) - DEBUG - GET to endpoint: business/eligibility/get_monetization_products_eligibility_data/?product_types=branded_content returned response: <Response [200]>
2022-07-14 18:24:56,611 - instabot version: 0.117.0 (api) - DEBUG - GET to endpoint: business/branded_content/should_require_professional_account/ returned response: <Response [200]>
